[0.785s] DEBUG:colcon:Command line arguments: ['/usr/bin/colcon', 'build', '--symlink-install', '--packages-select', 'self_drive']
[0.785s] DEBUG:colcon:Parsed command line arguments: Namespace(log_base=None, log_level=None, verb_name='build', build_base='build', install_base='install', merge_install=False, symlink_install=True, test_result_base=None, continue_on_error=False, executor='parallel', parallel_workers=4, event_handlers=None, ignore_user_meta=False, metas=['./colcon.meta'], base_paths=['.'], packages_ignore=None, packages_ignore_regex=None, paths=None, packages_up_to=None, packages_up_to_regex=None, packages_above=None, packages_above_and_dependencies=None, packages_above_depth=None, packages_select_by_dep=None, packages_skip_by_dep=None, packages_skip_up_to=None, packages_select_build_failed=False, packages_skip_build_finished=False, packages_select_test_failures=False, packages_skip_test_passed=False, packages_select=['self_drive'], packages_skip=None, packages_select_regex=None, packages_skip_regex=None, packages_start=None, packages_end=None, allow_overriding=[], cmake_args=None, cmake_target=None, cmake_target_skip_unavailable=False, cmake_clean_cache=False, cmake_clean_first=False, cmake_force_configure=False, ament_cmake_args=None, catkin_cmake_args=None, catkin_skip_building_tests=False, verb_parser=<colcon_defaults.argument_parser.defaults.DefaultArgumentsDecorator object at 0xffff7ea452a0>, verb_extension=<colcon_core.verb.build.BuildVerb object at 0xffff7ebde710>, main=<bound method BuildVerb.main of <colcon_core.verb.build.BuildVerb object at 0xffff7ebde710>>)
[3.959s] Level 1:colcon.colcon_core.package_discovery:discover_packages(colcon_meta) check parameters
[3.960s] Level 1:colcon.colcon_core.package_discovery:discover_packages(recursive) check parameters
[3.960s] Level 1:colcon.colcon_core.package_discovery:discover_packages(ignore) check parameters
[3.961s] Level 1:colcon.colcon_core.package_discovery:discover_packages(path) check parameters
[3.961s] Level 1:colcon.colcon_core.package_discovery:discover_packages(colcon_meta) discover
[3.961s] Level 1:colcon.colcon_core.package_discovery:discover_packages(recursive) discover
[3.962s] INFO:colcon.colcon_core.package_discovery:Crawling recursively for packages in '/home/pi/robot_ws/src/self_drive/src'
[3.963s] Level 1:colcon.colcon_core.package_identification:_identify(.) by extensions ['ignore', 'ignore_ament_install']
[3.963s] Level 1:colcon.colcon_core.package_identification:_identify(.) by extension 'ignore'
[3.964s] Level 1:colcon.colcon_core.package_identification:_identify(.) by extension 'ignore_ament_install'
[3.964s] Level 1:colcon.colcon_core.package_identification:_identify(.) by extensions ['colcon_pkg']
[3.965s] Level 1:colcon.colcon_core.package_identification:_identify(.) by extension 'colcon_pkg'
[3.965s] Level 1:colcon.colcon_core.package_identification:_identify(.) by extensions ['colcon_meta']
[3.965s] Level 1:colcon.colcon_core.package_identification:_identify(.) by extension 'colcon_meta'
[3.965s] Level 1:colcon.colcon_core.package_identification:_identify(.) by extensions ['ros']
[3.966s] Level 1:colcon.colcon_core.package_identification:_identify(.) by extension 'ros'
[4.050s] Level 1:colcon.colcon_core.package_identification:_identify(.) by extensions ['cmake', 'python']
[4.050s] Level 1:colcon.colcon_core.package_identification:_identify(.) by extension 'cmake'
[4.051s] Level 1:colcon.colcon_core.package_identification:_identify(.) by extension 'python'
[4.051s] Level 1:colcon.colcon_core.package_identification:_identify(.) by extensions ['python_setup_py']
[4.051s] Level 1:colcon.colcon_core.package_identification:_identify(.) by extension 'python_setup_py'
[4.052s] Level 1:colcon.colcon_core.package_identification:_identify(build) by extensions ['ignore', 'ignore_ament_install']
[4.052s] Level 1:colcon.colcon_core.package_identification:_identify(build) by extension 'ignore'
[4.052s] Level 1:colcon.colcon_core.package_identification:_identify(build) ignored
[4.053s] Level 1:colcon.colcon_core.package_identification:_identify(install) by extensions ['ignore', 'ignore_ament_install']
[4.054s] Level 1:colcon.colcon_core.package_identification:_identify(install) by extension 'ignore'
[4.054s] Level 1:colcon.colcon_core.package_identification:_identify(install) ignored
[4.055s] Level 1:colcon.colcon_core.package_identification:_identify(log) by extensions ['ignore', 'ignore_ament_install']
[4.055s] Level 1:colcon.colcon_core.package_identification:_identify(log) by extension 'ignore'
[4.055s] Level 1:colcon.colcon_core.package_identification:_identify(log) ignored
[4.055s] Level 1:colcon.colcon_core.package_discovery:discover_packages(recursive) using defaults
[4.056s] Level 1:colcon.colcon_core.package_discovery:discover_packages(ignore) discover
[4.056s] Level 1:colcon.colcon_core.package_discovery:discover_packages(ignore) using defaults
[4.056s] Level 1:colcon.colcon_core.package_discovery:discover_packages(path) discover
[4.056s] Level 1:colcon.colcon_core.package_discovery:discover_packages(path) using defaults
[4.057s] WARNING:colcon.colcon_core.package_selection:ignoring unknown package 'self_drive' in --packages-select
[4.198s] Level 1:colcon.colcon_core.package_discovery:discover_packages(prefix_path) check parameters
[4.198s] Level 1:colcon.colcon_core.package_discovery:discover_packages(prefix_path) discover
[4.241s] DEBUG:colcon.colcon_installed_package_information.package_discovery:Found 14 installed packages in /home/pi/robot_ws/install
[4.260s] DEBUG:colcon.colcon_installed_package_information.package_discovery:Found 284 installed packages in /opt/ros/iron
[4.305s] Level 1:colcon.colcon_core.package_discovery:discover_packages(prefix_path) using defaults
[4.707s] INFO:colcon.colcon_core.executor:Executing jobs using 'parallel' executor
[4.710s] DEBUG:colcon.colcon_parallel_executor.executor.parallel:run_until_complete
[4.711s] DEBUG:colcon.colcon_parallel_executor.executor.parallel:closing loop
[4.712s] DEBUG:colcon.colcon_parallel_executor.executor.parallel:loop closed
[4.712s] DEBUG:colcon.colcon_parallel_executor.executor.parallel:run_until_complete finished with '0'
[4.712s] DEBUG:colcon.colcon_core.event_reactor:joining thread
[4.801s] INFO:colcon.colcon_core.plugin_system:Skipping extension 'colcon_notification.desktop_notification.terminal_notifier': Not used on non-Darwin systems
[4.801s] INFO:colcon.colcon_core.plugin_system:Skipping extension 'colcon_notification.desktop_notification.win32': Not used on non-Windows systems
[4.802s] INFO:colcon.colcon_notification.desktop_notification:Sending desktop notification using 'notify2'
[5.050s] DEBUG:colcon.colcon_core.event_reactor:joined thread
[5.119s] INFO:colcon.colcon_core.plugin_system:Skipping extension 'colcon_core.shell.bat': Not used on non-Windows systems
[5.123s] INFO:colcon.colcon_core.shell:Creating prefix script '/home/pi/robot_ws/src/self_drive/src/install/local_setup.ps1'
[5.145s] INFO:colcon.colcon_core.shell:Creating prefix util module '/home/pi/robot_ws/src/self_drive/src/install/_local_setup_util_ps1.py'
[5.169s] INFO:colcon.colcon_core.shell:Creating prefix chain script '/home/pi/robot_ws/src/self_drive/src/install/setup.ps1'
[5.207s] INFO:colcon.colcon_core.shell:Creating prefix script '/home/pi/robot_ws/src/self_drive/src/install/local_setup.sh'
[5.218s] INFO:colcon.colcon_core.shell:Creating prefix util module '/home/pi/robot_ws/src/self_drive/src/install/_local_setup_util_sh.py'
[5.228s] INFO:colcon.colcon_core.shell:Creating prefix chain script '/home/pi/robot_ws/src/self_drive/src/install/setup.sh'
[5.263s] INFO:colcon.colcon_core.shell:Creating prefix script '/home/pi/robot_ws/src/self_drive/src/install/local_setup.bash'
[5.274s] INFO:colcon.colcon_core.shell:Creating prefix chain script '/home/pi/robot_ws/src/self_drive/src/install/setup.bash'
[5.307s] INFO:colcon.colcon_core.shell:Creating prefix script '/home/pi/robot_ws/src/self_drive/src/install/local_setup.zsh'
[5.322s] INFO:colcon.colcon_core.shell:Creating prefix chain script '/home/pi/robot_ws/src/self_drive/src/install/setup.zsh'
