[2.618s] DEBUG:colcon:Command line arguments: ['/usr/bin/colcon', 'build', '--symlink-install', '--packages-select', 'self_drive']
[2.618s] DEBUG:colcon:Parsed command line arguments: Namespace(log_base=None, log_level=None, verb_name='build', build_base='build', install_base='install', merge_install=False, symlink_install=True, test_result_base=None, continue_on_error=False, executor='parallel', parallel_workers=4, event_handlers=None, ignore_user_meta=False, metas=['./colcon.meta'], base_paths=['.'], packages_ignore=None, packages_ignore_regex=None, paths=None, packages_up_to=None, packages_up_to_regex=None, packages_above=None, packages_above_and_dependencies=None, packages_above_depth=None, packages_select_by_dep=None, packages_skip_by_dep=None, packages_skip_up_to=None, packages_select_build_failed=False, packages_skip_build_finished=False, packages_select_test_failures=False, packages_skip_test_passed=False, packages_select=['self_drive'], packages_skip=None, packages_select_regex=None, packages_skip_regex=None, packages_start=None, packages_end=None, allow_overriding=[], cmake_args=None, cmake_target=None, cmake_target_skip_unavailable=False, cmake_clean_cache=False, cmake_clean_first=False, cmake_force_configure=False, ament_cmake_args=None, catkin_cmake_args=None, catkin_skip_building_tests=False, verb_parser=<colcon_defaults.argument_parser.defaults.DefaultArgumentsDecorator object at 0xffffb19c52a0>, verb_extension=<colcon_core.verb.build.BuildVerb object at 0xffffb1b5e710>, main=<bound method BuildVerb.main of <colcon_core.verb.build.BuildVerb object at 0xffffb1b5e710>>)
[6.230s] Level 1:colcon.colcon_core.package_discovery:discover_packages(colcon_meta) check parameters
[6.233s] Level 1:colcon.colcon_core.package_discovery:discover_packages(recursive) check parameters
[6.233s] Level 1:colcon.colcon_core.package_discovery:discover_packages(ignore) check parameters
[6.234s] Level 1:colcon.colcon_core.package_discovery:discover_packages(path) check parameters
[6.234s] Level 1:colcon.colcon_core.package_discovery:discover_packages(colcon_meta) discover
[6.235s] Level 1:colcon.colcon_core.package_discovery:discover_packages(recursive) discover
[6.235s] INFO:colcon.colcon_core.package_discovery:Crawling recursively for packages in '/home/pi/robot_ws/src/self_drive/src'
[6.236s] Level 1:colcon.colcon_core.package_identification:_identify(.) by extensions ['ignore', 'ignore_ament_install']
[6.238s] Level 1:colcon.colcon_core.package_identification:_identify(.) by extension 'ignore'
[6.239s] Level 1:colcon.colcon_core.package_identification:_identify(.) by extension 'ignore_ament_install'
[6.239s] Level 1:colcon.colcon_core.package_identification:_identify(.) by extensions ['colcon_pkg']
[6.240s] Level 1:colcon.colcon_core.package_identification:_identify(.) by extension 'colcon_pkg'
[6.241s] Level 1:colcon.colcon_core.package_identification:_identify(.) by extensions ['colcon_meta']
[6.241s] Level 1:colcon.colcon_core.package_identification:_identify(.) by extension 'colcon_meta'
[6.241s] Level 1:colcon.colcon_core.package_identification:_identify(.) by extensions ['ros']
[6.242s] Level 1:colcon.colcon_core.package_identification:_identify(.) by extension 'ros'
[6.349s] Level 1:colcon.colcon_core.package_identification:_identify(.) by extensions ['cmake', 'python']
[6.350s] Level 1:colcon.colcon_core.package_identification:_identify(.) by extension 'cmake'
[6.350s] Level 1:colcon.colcon_core.package_identification:_identify(.) by extension 'python'
[6.350s] Level 1:colcon.colcon_core.package_identification:_identify(.) by extensions ['python_setup_py']
[6.351s] Level 1:colcon.colcon_core.package_identification:_identify(.) by extension 'python_setup_py'
[6.352s] Level 1:colcon.colcon_core.package_identification:_identify(build) by extensions ['ignore', 'ignore_ament_install']
[6.352s] Level 1:colcon.colcon_core.package_identification:_identify(build) by extension 'ignore'
[6.353s] Level 1:colcon.colcon_core.package_identification:_identify(build) ignored
[6.354s] Level 1:colcon.colcon_core.package_identification:_identify(install) by extensions ['ignore', 'ignore_ament_install']
[6.357s] Level 1:colcon.colcon_core.package_identification:_identify(install) by extension 'ignore'
[6.358s] Level 1:colcon.colcon_core.package_identification:_identify(install) ignored
[6.359s] Level 1:colcon.colcon_core.package_identification:_identify(log) by extensions ['ignore', 'ignore_ament_install']
[6.360s] Level 1:colcon.colcon_core.package_identification:_identify(log) by extension 'ignore'
[6.360s] Level 1:colcon.colcon_core.package_identification:_identify(log) ignored
[6.360s] Level 1:colcon.colcon_core.package_discovery:discover_packages(recursive) using defaults
[6.360s] Level 1:colcon.colcon_core.package_discovery:discover_packages(ignore) discover
[6.361s] Level 1:colcon.colcon_core.package_discovery:discover_packages(ignore) using defaults
[6.361s] Level 1:colcon.colcon_core.package_discovery:discover_packages(path) discover
[6.361s] Level 1:colcon.colcon_core.package_discovery:discover_packages(path) using defaults
[6.362s] WARNING:colcon.colcon_core.package_selection:ignoring unknown package 'self_drive' in --packages-select
[6.580s] Level 1:colcon.colcon_core.package_discovery:discover_packages(prefix_path) check parameters
[6.580s] Level 1:colcon.colcon_core.package_discovery:discover_packages(prefix_path) discover
[6.656s] DEBUG:colcon.colcon_installed_package_information.package_discovery:Found 14 installed packages in /home/pi/robot_ws/install
[6.688s] DEBUG:colcon.colcon_installed_package_information.package_discovery:Found 284 installed packages in /opt/ros/iron
[6.781s] Level 1:colcon.colcon_core.package_discovery:discover_packages(prefix_path) using defaults
[7.213s] INFO:colcon.colcon_core.executor:Executing jobs using 'parallel' executor
[7.216s] DEBUG:colcon.colcon_parallel_executor.executor.parallel:run_until_complete
[7.217s] DEBUG:colcon.colcon_parallel_executor.executor.parallel:closing loop
[7.218s] DEBUG:colcon.colcon_parallel_executor.executor.parallel:loop closed
[7.218s] DEBUG:colcon.colcon_parallel_executor.executor.parallel:run_until_complete finished with '0'
[7.218s] DEBUG:colcon.colcon_core.event_reactor:joining thread
[7.298s] INFO:colcon.colcon_core.plugin_system:Skipping extension 'colcon_notification.desktop_notification.terminal_notifier': Not used on non-Darwin systems
[7.299s] INFO:colcon.colcon_core.plugin_system:Skipping extension 'colcon_notification.desktop_notification.win32': Not used on non-Windows systems
[7.299s] INFO:colcon.colcon_notification.desktop_notification:Sending desktop notification using 'notify2'
[8.017s] DEBUG:colcon.colcon_core.event_reactor:joined thread
[8.045s] INFO:colcon.colcon_core.plugin_system:Skipping extension 'colcon_core.shell.bat': Not used on non-Windows systems
[8.047s] INFO:colcon.colcon_core.shell:Creating prefix script '/home/pi/robot_ws/src/self_drive/src/install/local_setup.ps1'
[8.054s] INFO:colcon.colcon_core.shell:Creating prefix util module '/home/pi/robot_ws/src/self_drive/src/install/_local_setup_util_ps1.py'
[8.066s] INFO:colcon.colcon_core.shell:Creating prefix chain script '/home/pi/robot_ws/src/self_drive/src/install/setup.ps1'
[8.081s] INFO:colcon.colcon_core.shell:Creating prefix script '/home/pi/robot_ws/src/self_drive/src/install/local_setup.sh'
[8.088s] INFO:colcon.colcon_core.shell:Creating prefix util module '/home/pi/robot_ws/src/self_drive/src/install/_local_setup_util_sh.py'
[8.092s] INFO:colcon.colcon_core.shell:Creating prefix chain script '/home/pi/robot_ws/src/self_drive/src/install/setup.sh'
[8.108s] INFO:colcon.colcon_core.shell:Creating prefix script '/home/pi/robot_ws/src/self_drive/src/install/local_setup.bash'
[8.116s] INFO:colcon.colcon_core.shell:Creating prefix chain script '/home/pi/robot_ws/src/self_drive/src/install/setup.bash'
[8.133s] INFO:colcon.colcon_core.shell:Creating prefix script '/home/pi/robot_ws/src/self_drive/src/install/local_setup.zsh'
[8.138s] INFO:colcon.colcon_core.shell:Creating prefix chain script '/home/pi/robot_ws/src/self_drive/src/install/setup.zsh'
