[1.443s] DEBUG:colcon:Command line arguments: ['/usr/bin/colcon', 'build', '--symlink-install', '--packages-select', 'self_drive']
[1.443s] DEBUG:colcon:Parsed command line arguments: Namespace(log_base=None, log_level=None, verb_name='build', build_base='build', install_base='install', merge_install=False, symlink_install=True, test_result_base=None, continue_on_error=False, executor='parallel', parallel_workers=4, event_handlers=None, ignore_user_meta=False, metas=['./colcon.meta'], base_paths=['.'], packages_ignore=None, packages_ignore_regex=None, paths=None, packages_up_to=None, packages_up_to_regex=None, packages_above=None, packages_above_and_dependencies=None, packages_above_depth=None, packages_select_by_dep=None, packages_skip_by_dep=None, packages_skip_up_to=None, packages_select_build_failed=False, packages_skip_build_finished=False, packages_select_test_failures=False, packages_skip_test_passed=False, packages_select=['self_drive'], packages_skip=None, packages_select_regex=None, packages_skip_regex=None, packages_start=None, packages_end=None, allow_overriding=[], cmake_args=None, cmake_target=None, cmake_target_skip_unavailable=False, cmake_clean_cache=False, cmake_clean_first=False, cmake_force_configure=False, ament_cmake_args=None, catkin_cmake_args=None, catkin_skip_building_tests=False, verb_parser=<colcon_defaults.argument_parser.defaults.DefaultArgumentsDecorator object at 0xffff829052a0>, verb_extension=<colcon_core.verb.build.BuildVerb object at 0xffff82a9e710>, main=<bound method BuildVerb.main of <colcon_core.verb.build.BuildVerb object at 0xffff82a9e710>>)
[3.567s] Level 1:colcon.colcon_core.package_discovery:discover_packages(colcon_meta) check parameters
[3.567s] Level 1:colcon.colcon_core.package_discovery:discover_packages(recursive) check parameters
[3.568s] Level 1:colcon.colcon_core.package_discovery:discover_packages(ignore) check parameters
[3.568s] Level 1:colcon.colcon_core.package_discovery:discover_packages(path) check parameters
[3.568s] Level 1:colcon.colcon_core.package_discovery:discover_packages(colcon_meta) discover
[3.569s] Level 1:colcon.colcon_core.package_discovery:discover_packages(recursive) discover
[3.569s] INFO:colcon.colcon_core.package_discovery:Crawling recursively for packages in '/home/pi/robot_ws/src/self_drive/src'
[3.570s] Level 1:colcon.colcon_core.package_identification:_identify(.) by extensions ['ignore', 'ignore_ament_install']
[3.570s] Level 1:colcon.colcon_core.package_identification:_identify(.) by extension 'ignore'
[3.571s] Level 1:colcon.colcon_core.package_identification:_identify(.) by extension 'ignore_ament_install'
[3.571s] Level 1:colcon.colcon_core.package_identification:_identify(.) by extensions ['colcon_pkg']
[3.571s] Level 1:colcon.colcon_core.package_identification:_identify(.) by extension 'colcon_pkg'
[3.572s] Level 1:colcon.colcon_core.package_identification:_identify(.) by extensions ['colcon_meta']
[3.572s] Level 1:colcon.colcon_core.package_identification:_identify(.) by extension 'colcon_meta'
[3.572s] Level 1:colcon.colcon_core.package_identification:_identify(.) by extensions ['ros']
[3.572s] Level 1:colcon.colcon_core.package_identification:_identify(.) by extension 'ros'
[3.649s] Level 1:colcon.colcon_core.package_identification:_identify(.) by extensions ['cmake', 'python']
[3.649s] Level 1:colcon.colcon_core.package_identification:_identify(.) by extension 'cmake'
[3.649s] Level 1:colcon.colcon_core.package_identification:_identify(.) by extension 'python'
[3.650s] Level 1:colcon.colcon_core.package_identification:_identify(.) by extensions ['python_setup_py']
[3.650s] Level 1:colcon.colcon_core.package_identification:_identify(.) by extension 'python_setup_py'
[3.650s] Level 1:colcon.colcon_core.package_identification:_identify(build) by extensions ['ignore', 'ignore_ament_install']
[3.651s] Level 1:colcon.colcon_core.package_identification:_identify(build) by extension 'ignore'
[3.651s] Level 1:colcon.colcon_core.package_identification:_identify(build) ignored
[3.652s] Level 1:colcon.colcon_core.package_identification:_identify(install) by extensions ['ignore', 'ignore_ament_install']
[3.652s] Level 1:colcon.colcon_core.package_identification:_identify(install) by extension 'ignore'
[3.652s] Level 1:colcon.colcon_core.package_identification:_identify(install) ignored
[3.653s] Level 1:colcon.colcon_core.package_identification:_identify(log) by extensions ['ignore', 'ignore_ament_install']
[3.653s] Level 1:colcon.colcon_core.package_identification:_identify(log) by extension 'ignore'
[3.653s] Level 1:colcon.colcon_core.package_identification:_identify(log) ignored
[3.654s] Level 1:colcon.colcon_core.package_discovery:discover_packages(recursive) using defaults
[3.654s] Level 1:colcon.colcon_core.package_discovery:discover_packages(ignore) discover
[3.654s] Level 1:colcon.colcon_core.package_discovery:discover_packages(ignore) using defaults
[3.654s] Level 1:colcon.colcon_core.package_discovery:discover_packages(path) discover
[3.654s] Level 1:colcon.colcon_core.package_discovery:discover_packages(path) using defaults
[3.655s] WARNING:colcon.colcon_core.package_selection:ignoring unknown package 'self_drive' in --packages-select
[3.801s] Level 1:colcon.colcon_core.package_discovery:discover_packages(prefix_path) check parameters
[3.801s] Level 1:colcon.colcon_core.package_discovery:discover_packages(prefix_path) discover
[3.849s] DEBUG:colcon.colcon_installed_package_information.package_discovery:Found 14 installed packages in /home/pi/robot_ws/install
[3.871s] DEBUG:colcon.colcon_installed_package_information.package_discovery:Found 284 installed packages in /opt/ros/iron
[3.916s] Level 1:colcon.colcon_core.package_discovery:discover_packages(prefix_path) using defaults
[4.347s] INFO:colcon.colcon_core.executor:Executing jobs using 'parallel' executor
[4.351s] DEBUG:colcon.colcon_parallel_executor.executor.parallel:run_until_complete
[4.351s] DEBUG:colcon.colcon_parallel_executor.executor.parallel:closing loop
[4.352s] DEBUG:colcon.colcon_parallel_executor.executor.parallel:loop closed
[4.352s] DEBUG:colcon.colcon_parallel_executor.executor.parallel:run_until_complete finished with '0'
[4.352s] DEBUG:colcon.colcon_core.event_reactor:joining thread
[4.443s] INFO:colcon.colcon_core.plugin_system:Skipping extension 'colcon_notification.desktop_notification.terminal_notifier': Not used on non-Darwin systems
[4.444s] INFO:colcon.colcon_core.plugin_system:Skipping extension 'colcon_notification.desktop_notification.win32': Not used on non-Windows systems
[4.444s] INFO:colcon.colcon_notification.desktop_notification:Sending desktop notification using 'notify2'
[4.596s] DEBUG:colcon.colcon_core.event_reactor:joined thread
[4.642s] INFO:colcon.colcon_core.plugin_system:Skipping extension 'colcon_core.shell.bat': Not used on non-Windows systems
[4.646s] INFO:colcon.colcon_core.shell:Creating prefix script '/home/pi/robot_ws/src/self_drive/src/install/local_setup.ps1'
[4.663s] INFO:colcon.colcon_core.shell:Creating prefix util module '/home/pi/robot_ws/src/self_drive/src/install/_local_setup_util_ps1.py'
[4.687s] INFO:colcon.colcon_core.shell:Creating prefix chain script '/home/pi/robot_ws/src/self_drive/src/install/setup.ps1'
[4.717s] INFO:colcon.colcon_core.shell:Creating prefix script '/home/pi/robot_ws/src/self_drive/src/install/local_setup.sh'
[4.729s] INFO:colcon.colcon_core.shell:Creating prefix util module '/home/pi/robot_ws/src/self_drive/src/install/_local_setup_util_sh.py'
[4.742s] INFO:colcon.colcon_core.shell:Creating prefix chain script '/home/pi/robot_ws/src/self_drive/src/install/setup.sh'
[4.771s] INFO:colcon.colcon_core.shell:Creating prefix script '/home/pi/robot_ws/src/self_drive/src/install/local_setup.bash'
[4.780s] INFO:colcon.colcon_core.shell:Creating prefix chain script '/home/pi/robot_ws/src/self_drive/src/install/setup.bash'
[4.813s] INFO:colcon.colcon_core.shell:Creating prefix script '/home/pi/robot_ws/src/self_drive/src/install/local_setup.zsh'
[4.821s] INFO:colcon.colcon_core.shell:Creating prefix chain script '/home/pi/robot_ws/src/self_drive/src/install/setup.zsh'
